0 080#0017dc09161116bb
0 081#408487000000006b
0 165#0008800000000880
0 18f#003f1600003f0000
0 2a0#6200879dbc0cb702
0 2b0#3aff000768
0 316#0516dc091611007f
0 329#40be808c112c0010
0 370#ff200080ff0000a0
0 382#40fe0f0000000000
0 43f#004060ff73740900
0 440#ff000000ff740900
0 153#008010ff00ff800e
0 220#c103f60309004710
0 4b0#0000000000000000
0 4b1#0000010000000001
0 164#0008000000000a02
0 545#d80e008a28002900
0 5a2#2500a501
0 316#0516dc091611007f
0 080#0017dc09161116ac
0 081#408487000000005c
0 165#0008800000000981
0 18f#003f1600003f0000
0 260#05160030018a5b0e
0 2a0#0200879dbc0cb702
0 2b0#38ff000759
0 329#84be808c112c0010
0 350#0520045f860000f8
0 370#ff200080ff000064
0 43f#004060ff73740900
0 440#ff500000ff780900
0 153#008010ff00ff901e
0 1f1#0000000000000000
0 220#be03f2030c004210
0 4b1#0000010000000001
0 164#0008000000000b03
0 545#d80e008927002800
0 59b#0000000000000000
0 5a0
0 316#0516060a1611007f
0 080#0017060a161116bd
0 081#408487000000004d
0 165#0008800000000a82
0 18f#003f1600003f0000
0 260#05160030018a5b1d
0 2a0#a200879dbc0cb702
0 2b0#37ff00079a
0 329#84be808c112c0010
0 370#ff200080ff000028